  KMeansPP.cpp
D:\Github Project\Cpp\gaussian_mixture_model_\GaussianMixture\include\Eigen\src\Core\arch\Default\Half.h(1,1): warning C4819: 该文件包含不能在当前代码页(936)中表示的字符。请将该文件保存为 Unicode 格式以防止数据丢失
D:\Github Project\Cpp\gaussian_mixture_model_\GaussianMixture\include\Eigen\src\Core\arch\Default\BFloat16.h(1,1): warning C4819: 该文件包含不能在当前代码页(936)中表示的字符。请将该文件保存为 Unicode 格式以防止数据丢失
D:\Github Project\Cpp\gaussian_mixture_model_\GaussianMixture\include\Eigen\src\Core\arch\Default\GenericPacketMathFunctions.h(676,1): warning C4819: 该文件包含不能在当前代码页(936)中表示的字符。请将该文件保存为 Unicode 格式以防止数据丢失
D:\Github Project\Cpp\gaussian_mixture_model_\GaussianMixture\src\KMeansPP.cpp(47,26): warning C4267: “初始化”: 从“size_t”转换到“int”，可能丢失数据
  KMeansSegmentation.cpp
  GaussianMixture.cpp
D:\Github Project\Cpp\gaussian_mixture_model_\GaussianMixture\include\Eigen\src\Core\arch\Default\Half.h(1,1): warning C4819: 该文件包含不能在当前代码页(936)中表示的字符。请将该文件保存为 Unicode 格式以防止数据丢失
D:\Github Project\Cpp\gaussian_mixture_model_\GaussianMixture\include\Eigen\src\Core\arch\Default\BFloat16.h(1,1): warning C4819: 该文件包含不能在当前代码页(936)中表示的字符。请将该文件保存为 Unicode 格式以防止数据丢失
D:\Github Project\Cpp\gaussian_mixture_model_\GaussianMixture\include\Eigen\src\Core\arch\Default\GenericPacketMathFunctions.h(676,1): warning C4819: 该文件包含不能在当前代码页(936)中表示的字符。请将该文件保存为 Unicode 格式以防止数据丢失
D:\Github Project\Cpp\gaussian_mixture_model_\GaussianMixture\src\GaussianMixture.cpp(27,41): warning C4244: “=”: 从“Eigen::Index”转换到“int”，可能丢失数据
D:\Github Project\Cpp\gaussian_mixture_model_\GaussianMixture\src\GaussianMixture.cpp(28,31): warning C4244: “=”: 从“Eigen::Index”转换到“int”，可能丢失数据
  ExpectationMaximization.cpp
D:\Github Project\Cpp\gaussian_mixture_model_\GaussianMixture\include\Eigen\src\Core\arch\Default\Half.h(1,1): warning C4819: 该文件包含不能在当前代码页(936)中表示的字符。请将该文件保存为 Unicode 格式以防止数据丢失
D:\Github Project\Cpp\gaussian_mixture_model_\GaussianMixture\include\Eigen\src\Core\arch\Default\BFloat16.h(1,1): warning C4819: 该文件包含不能在当前代码页(936)中表示的字符。请将该文件保存为 Unicode 格式以防止数据丢失
D:\Github Project\Cpp\gaussian_mixture_model_\GaussianMixture\include\Eigen\src\Core\arch\Default\GenericPacketMathFunctions.h(676,1): warning C4819: 该文件包含不能在当前代码页(936)中表示的字符。请将该文件保存为 Unicode 格式以防止数据丢失
D:\Github Project\Cpp\gaussian_mixture_model_\GaussianMixture\src\ExpectationMaximization.cpp(20,18): warning C4244: “初始化”: 从“Eigen::Index”转换到“int”，可能丢失数据
  main.cpp
D:\Github Project\Cpp\gaussian_mixture_model_\GaussianMixture\include\Eigen\src\Core\arch\Default\Half.h(1,1): warning C4819: 该文件包含不能在当前代码页(936)中表示的字符。请将该文件保存为 Unicode 格式以防止数据丢失
D:\Github Project\Cpp\gaussian_mixture_model_\GaussianMixture\include\Eigen\src\Core\arch\Default\BFloat16.h(1,1): warning C4819: 该文件包含不能在当前代码页(936)中表示的字符。请将该文件保存为 Unicode 格式以防止数据丢失
D:\Github Project\Cpp\gaussian_mixture_model_\GaussianMixture\include\Eigen\src\Core\arch\Default\GenericPacketMathFunctions.h(676,1): warning C4819: 该文件包含不能在当前代码页(936)中表示的字符。请将该文件保存为 Unicode 格式以防止数据丢失
  正在生成代码...
D:\Github Project\Cpp\gaussian_mixture_model_\GaussianMixture\src\GaussianMixture.cpp(21,1): warning C4715: “GaussianMixture::validateDataInput”: 不是所有的控件路径都返回值
  GaussianMixture.vcxproj -> D:\Github Project\Cpp\gaussian_mixture_model_\GaussianMixture\bin\x64\Debug\GaussianMixture.exe
