d:\github project\cpp\gaussian_mixture_model_\gaussianmixture\bin\intermediates\x64\debug\vc143.pdb
d:\github project\cpp\gaussian_mixture_model_\gaussianmixture\bin\intermediates\x64\debug\vc143.idb
d:\github project\cpp\gaussian_mixture_model_\gaussianmixture\bin\intermediates\x64\debug\main.obj
d:\github project\cpp\gaussian_mixture_model_\gaussianmixture\bin\intermediates\x64\debug\expectationmaximization.obj
d:\github project\cpp\gaussian_mixture_model_\gaussianmixture\bin\intermediates\x64\debug\gaussianmixture.obj
d:\github project\cpp\gaussian_mixture_model_\gaussianmixture\bin\intermediates\x64\debug\kmeanssegmentation.obj
d:\github project\cpp\gaussian_mixture_model_\gaussianmixture\bin\intermediates\x64\debug\kmeanspp.obj
d:\github project\cpp\gaussian_mixture_model_\gaussianmixture\bin\intermediates\x64\debug\gaussianmixture.ilk
d:\github project\cpp\gaussian_mixture_model_\gaussianmixture\bin\x64\debug\gaussianmixture.pdb
d:\github project\cpp\gaussian_mixture_model_\gaussianmixture\bin\intermediates\x64\debug\gaussianmixture.vcxproj.filelistabsolute.txt
d:\github project\cpp\gaussian_mixture_model_\gaussianmixture\bin\intermediates\x64\debug\gaussianmixture.tlog\cl.command.1.tlog
d:\github project\cpp\gaussian_mixture_model_\gaussianmixture\bin\intermediates\x64\debug\gaussianmixture.tlog\cl.items.tlog
d:\github project\cpp\gaussian_mixture_model_\gaussianmixture\bin\intermediates\x64\debug\gaussianmixture.tlog\cl.read.1.tlog
d:\github project\cpp\gaussian_mixture_model_\gaussianmixture\bin\intermediates\x64\debug\gaussianmixture.tlog\cl.write.1.tlog
d:\github project\cpp\gaussian_mixture_model_\gaussianmixture\bin\intermediates\x64\debug\gaussianmixture.tlog\link.7952-cvtres.read.1.tlog
d:\github project\cpp\gaussian_mixture_model_\gaussianmixture\bin\intermediates\x64\debug\gaussianmixture.tlog\link.7952-cvtres.write.1.tlog
d:\github project\cpp\gaussian_mixture_model_\gaussianmixture\bin\intermediates\x64\debug\gaussianmixture.tlog\link.7952-rc.read.1.tlog
d:\github project\cpp\gaussian_mixture_model_\gaussianmixture\bin\intermediates\x64\debug\gaussianmixture.tlog\link.7952-rc.write.1.tlog
d:\github project\cpp\gaussian_mixture_model_\gaussianmixture\bin\intermediates\x64\debug\gaussianmixture.tlog\link.7952.read.1.tlog
d:\github project\cpp\gaussian_mixture_model_\gaussianmixture\bin\intermediates\x64\debug\gaussianmixture.tlog\link.7952.read.2.tlog
d:\github project\cpp\gaussian_mixture_model_\gaussianmixture\bin\intermediates\x64\debug\gaussianmixture.tlog\link.7952.write.1.tlog
d:\github project\cpp\gaussian_mixture_model_\gaussianmixture\bin\intermediates\x64\debug\gaussianmixture.tlog\link.command.1.tlog
d:\github project\cpp\gaussian_mixture_model_\gaussianmixture\bin\intermediates\x64\debug\gaussianmixture.tlog\link.read.1.tlog
d:\github project\cpp\gaussian_mixture_model_\gaussianmixture\bin\intermediates\x64\debug\gaussianmixture.tlog\link.secondary.1.tlog
d:\github project\cpp\gaussian_mixture_model_\gaussianmixture\bin\intermediates\x64\debug\gaussianmixture.tlog\link.write.1.tlog
